\BOOKMARK [1][-]{section.1}{Introduction}{}% 1
\BOOKMARK [1][-]{section.2}{Client Needs}{}% 2
\BOOKMARK [1][-]{section.3}{Gantt Chart}{}% 3
\BOOKMARK [2][-]{subsection.3.1}{Summary}{section.3}% 4
\BOOKMARK [1][-]{section.4}{Product Function}{}% 5
\BOOKMARK [2][-]{subsection.4.1}{Process Description and Function Model}{section.4}% 6
\BOOKMARK [2][-]{subsection.4.2}{Sub-Functions}{section.4}% 7
\BOOKMARK [2][-]{subsection.4.3}{Refined Structure}{section.4}% 8
\BOOKMARK [2][-]{subsection.4.4}{Function Decomposition Validation}{section.4}% 9
\BOOKMARK [1][-]{section.5}{Competitive Benchmarking}{}% 10
\BOOKMARK [1][-]{section.6}{Competitive Improvements}{}% 11
\BOOKMARK [1][-]{section.7}{Engineering Specifications}{}% 12
\BOOKMARK [1][-]{section.8}{House of Quality}{}% 13
\BOOKMARK [2][-]{subsection.8.1}{Summary}{section.8}% 14
\BOOKMARK [1][-]{section.9}{Concept Generation}{}% 15
\BOOKMARK [2][-]{subsection.9.1}{Concept 1}{section.9}% 16
\BOOKMARK [2][-]{subsection.9.2}{Concept 2}{section.9}% 17
\BOOKMARK [1][-]{section.10}{Concept Selection}{}% 18
\BOOKMARK [2][-]{subsection.10.1}{Refined Decision Matrix}{section.10}% 19
\BOOKMARK [2][-]{subsection.10.2}{Technical Summary}{section.10}% 20
\BOOKMARK [1][-]{section.11}{Moving Forward}{}% 21
